<?xml version="1.0" encoding="UTF-8"?>
<testng-results skipped="0" failed="0" ignored="0" total="1" passed="1">
  <reporter-output>
  </reporter-output>
  <suite name="Default suite" duration-ms="24147" started-at="2021-11-20T08:48:01 CST" finished-at="2021-11-20T08:48:25 CST">
    <groups>
    </groups>
    <test name="Default test" duration-ms="24147" started-at="2021-11-20T08:48:01 CST" finished-at="2021-11-20T08:48:25 CST">
      <class name="Learn.lala">
        <test-method status="PASS" signature="init()[pri:0, instance:Learn.lala@59e5ddf]" name="init" is-config="true" duration-ms="5662" started-at="2021-11-20T08:48:01 CST" finished-at="2021-11-20T08:48:06 CST">
          <reporter-output>
          </reporter-output>
        </test-method> <!-- init -->
        <test-method status="PASS" signature="testLogin()[pri:0, instance:Learn.lala@59e5ddf]" name="testLogin" duration-ms="18451" started-at="2021-11-20T08:48:06 CST" finished-at="2021-11-20T08:48:25 CST">
          <reporter-output>
          </reporter-output>
        </test-method> <!-- testLogin -->
      </class> <!-- Learn.lala -->
    </test> <!-- Default test -->
  </suite> <!-- Default suite -->
</testng-results>
